<?xml version="1.0" encoding="UTF-8"?>
<testsuite xmlns:xsi="http://www.w3.org/2001/XMLSchema-instance" xsi:noNamespaceSchemaLocation="https://maven.apache.org/surefire/maven-surefire-plugin/xsd/surefire-test-report.xsd" version="3.0.2" name="cn.edu.tju.MyApplicationTests" time="6.33" tests="1" errors="0" skipped="0" failures="0">
  <properties>
[...]
</properties>
  <testcase name="contextLoads" classname="cn.edu.tju.MyApplicationTests" time="0.705">
    <system-out><![CDATA[15:12:45.041 [main] INFO org.springframework.test.context.support.AnnotationConfigContextLoaderUtils -- Could not detect default configuration classes for test class [cn.edu.tju.MyApplicationTests]: MyApplicationTests does not declare any static, non-private, non-final, nested classes annotated with @Configuration.
15:12:45.178 [main] INFO org.springframework.boot.test.context.SpringBootTestContextBootstrapper -- Found @SpringBootConfiguration cn.edu.tju.MyApplication for test class cn.edu.tju.MyApplicationTests
 _________      ___  ___  ___           _____  ________  ________  ________
|\___   ___\   |\  \|\  \|\  \         / __  \|\   __  \|\  ___  \|\   ____\
\|___ \  \_|   \ \  \ \  \\\  \       |\/_|\  \ \  \|\  \ \____   \ \  \___|_
     \ \  \  __ \ \  \ \  \\\  \      \|/ \ \  \ \   __  \|____|\  \ \_____  \
      \ \  \|\  \\_\  \ \  \\\  \          \ \  \ \  \|\  \  __\_\  \|____|\  \
       \ \__\ \________\ \_______\          \ \__\ \_______\|\_______\____\_\  \
        \|__|\|________|\|_______|           \|__|\|_______|\|_______|\_________\
                                                                     \|_________|

 ________  _______   _______   ___  __            _________  ________  ___  ___  _________  ___  ___          ________ ________  ________  _____ ______           ________ ________  ________ _________  ________
|\   ____\|\  ___ \ |\  ___ \ |\  \|\  \         |\___   ___\\   __  \|\  \|\  \|\___   ___\\  \|\  \        |\  _____\\   __  \|\   __  \|\   _ \  _   \        |\  _____\\   __  \|\   ____\\___   ___\\   ____\
\ \  \___|\ \   __/|\ \   __/|\ \  \/  /|_       \|___ \  \_\ \  \|\  \ \  \\\  \|___ \  \_\ \  \\\  \       \ \  \__/\ \  \|\  \ \  \|\  \ \  \\\__\ \  \       \ \  \__/\ \  \|\  \ \  \___\|___ \  \_\ \  \___|_
 \ \_____  \ \  \_|/_\ \  \_|/_\ \   ___  \           \ \  \ \ \   _  _\ \  \\\  \   \ \  \ \ \   __  \       \ \   __\\ \   _  _\ \  \\\  \ \  \\|__| \  \       \ \   __\\ \   __  \ \  \       \ \  \ \ \_____  \
  \|____|\  \ \  \_|\ \ \  \_|\ \ \  \\ \  \           \ \  \ \ \  \\  \\ \  \\\  \   \ \  \ \ \  \ \  \       \ \  \_| \ \  \\  \\ \  \\\  \ \  \    \ \  \       \ \  \_| \ \  \ \  \ \  \____   \ \  \ \|____|\  \
    ____\_\  \ \_______\ \_______\ \__\\ \__\           \ \__\ \ \__\\ _\\ \_______\   \ \__\ \ \__\ \__\       \ \__\   \ \__\\ _\\ \_______\ \__\    \ \__\       \ \__\   \ \__\ \__\ \_______\  \ \__\  ____\_\  \
   |\_________\|_______|\|_______|\|__| \|__|            \|__|  \|__|\|__|\|_______|    \|__|  \|__|\|__|        \|__|    \|__|\|__|\|_______|\|__|     \|__|        \|__|    \|__|\|__|\|_______|   \|__| |\_________\
   \|_________|                                                                                                                                                                                            \|_________|


2025-09-25T15:12:45.687+08:00  INFO 27364 --- [myapp] [           main] cn.edu.tju.MyApplicationTests            : Starting MyApplicationTests using Java 21.0.5 with PID 27364 (started by libam in C:\Users\libam\Desktop\test\elm2.0)
2025-09-25T15:12:45.688+08:00  INFO 27364 --- [myapp] [           main] cn.edu.tju.MyApplicationTests            : No active profile set, falling back to 1 default profile: "default"
2025-09-25T15:12:47.880+08:00  INFO 27364 --- [myapp] [           main] com.zaxxer.hikari.HikariDataSource       : HikariCPDatasource - Starting...
2025-09-25T15:12:48.387+08:00  INFO 27364 --- [myapp] [           main] com.zaxxer.hikari.pool.HikariPool        : HikariCPDatasource - Added connection com.mysql.cj.jdbc.ConnectionImpl@51af8049
2025-09-25T15:12:48.389+08:00  INFO 27364 --- [myapp] [           main] com.zaxxer.hikari.HikariDataSource       : HikariCPDatasource - Start completed.
2025-09-25T15:12:48.784+08:00  INFO 27364 --- [myapp] [           main] o.s.b.a.w.s.WelcomePageHandlerMapping    : Adding welcome page: class path resource [static/index.html]
2025-09-25T15:12:49.752+08:00  INFO 27364 --- [myapp] [           main] r$InitializeUserDetailsManagerConfigurer : Global AuthenticationManager configured with UserDetailsService bean with name userDetailsService
2025-09-25T15:12:50.458+08:00  INFO 27364 --- [myapp] [           main] cn.edu.tju.MyApplicationTests            : Started MyApplicationTests in 5.079 seconds (process running for 6.163)
]]></system-out>
    <system-err><![CDATA[Mockito is currently self-attaching to enable the inline-mock-maker. This will no longer work in future releases of the JDK. Please add Mockito as an agent to your build as described in Mockito's documentation: https://javadoc.io/doc/org.mockito/mockito-core/latest/org.mockito/org/mockito/Mockito.html#0.3
WARNING: A Java agent has been loaded dynamically (E:\program\maven\repository\net\bytebuddy\byte-buddy-agent\1.17.6\byte-buddy-agent-1.17.6.jar)
WARNING: If a serviceability tool is in use, please run with -XX:+EnableDynamicAgentLoading to hide this warning
WARNING: If a serviceability tool is not in use, please run with -Djdk.instrument.traceUsage for more information
WARNING: Dynamic loading of agents will be disallowed by default in a future release
]]></system-err>
  </testcase>
</testsuite>